<?xml version="1.0" encoding="UTF-8"?>
<!-- Generated by org.testng.reporters.JUnitXMLReporter -->
<testsuite ignored="0" hostname="STGIDT-NEW-41" failures="1" tests="2" name="FirefoxTest" time="57.239" errors="0" timestamp="2022-03-30T17:46:23 IST">
  <testcase classname="TestCases.BaseTest" name="baseTest" time="43.909">
    <failure type="org.openqa.selenium.NoSuchElementException" message="Unable to locate element: body &amp;gt; div.sweet-alert.showSweetAlert.visible &amp;gt; h2
For documentation on this error, please visit: https://selenium.dev/exceptions/#no_such_element
Build info: version: &amp;apos;4.1.1&amp;apos;, revision: &amp;apos;e8fcc2cecf&amp;apos;
System info: host: &amp;apos;STGIDT-NEW-41&amp;apos;, ip: &amp;apos;172.16.2.23&amp;apos;, os.name: &amp;apos;Windows 10&amp;apos;, os.arch: &amp;apos;amd64&amp;apos;, os.version: &amp;apos;10.0&amp;apos;, java.version: &amp;apos;17.0.1&amp;apos;
Driver info: org.openqa.selenium.firefox.FirefoxDriver
Command: [b12b151c-ab30-4ae3-85b0-26814f17f682, findElement {using=css selector, value=body &amp;gt; div.sweet-alert.showSweetAlert.visible &amp;gt; h2}]
Capabilities {acceptInsecureCerts: true, browserName: firefox, browserVersion: 97.0.2, javascriptEnabled: true, moz:accessibilityChecks: false, moz:buildID: 20220304162637, moz:debuggerAddress: localhost:63590, moz:geckodriverVersion: 0.30.0, moz:headless: false, moz:processID: 964, moz:profile: C:\Users\beesettiu\AppData\..., moz:shutdownTimeout: 60000, moz:useNonSpecCompliantPointerOrigin: false, moz:webdriverClick: true, pageLoadStrategy: normal, platform: WINDOWS, platformName: WINDOWS, platformVersion: 10.0, proxy: Proxy(), se:cdp: ws://localhost:63590/devtoo..., se:cdpVersion: 85, setWindowRect: true, strictFileInteractability: false, timeouts: {implicit: 0, pageLoad: 300000, script: 30000}, unhandledPromptBehavior: dismiss and notify}
Session ID: b12b151c-ab30-4ae3-85b0-26814f17f682">
      <![CDATA[org.openqa.selenium.NoSuchElementException: Unable to locate element: body > div.sweet-alert.showSweetAlert.visible > h2
For documentation on this error, please visit: https://selenium.dev/exceptions/#no_such_element
Build info: version: '4.1.1', revision: 'e8fcc2cecf'
System info: host: 'STGIDT-NEW-41', ip: '172.16.2.23', os.name: 'Windows 10', os.arch: 'amd64', os.version: '10.0', java.version: '17.0.1'
Driver info: org.openqa.selenium.firefox.FirefoxDriver
Command: [b12b151c-ab30-4ae3-85b0-26814f17f682, findElement {using=css selector, value=body > div.sweet-alert.showSweetAlert.visible > h2}]
Capabilities {acceptInsecureCerts: true, browserName: firefox, browserVersion: 97.0.2, javascriptEnabled: true, moz:accessibilityChecks: false, moz:buildID: 20220304162637, moz:debuggerAddress: localhost:63590, moz:geckodriverVersion: 0.30.0, moz:headless: false, moz:processID: 964, moz:profile: C:\Users\beesettiu\AppData\..., moz:shutdownTimeout: 60000, moz:useNonSpecCompliantPointerOrigin: false, moz:webdriverClick: true, pageLoadStrategy: normal, platform: WINDOWS, platformName: WINDOWS, platformVersion: 10.0, proxy: Proxy(), se:cdp: ws://localhost:63590/devtoo..., se:cdpVersion: 85, setWindowRect: true, strictFileInteractability: false, timeouts: {implicit: 0, pageLoad: 300000, script: 30000}, unhandledPromptBehavior: dismiss and notify}
Session ID: b12b151c-ab30-4ae3-85b0-26814f17f682
at org.openqa.selenium.remote.codec.w3c.W3CHttpResponseCodec.createException(W3CHttpResponseCodec.java:200)
at org.openqa.selenium.remote.codec.w3c.W3CHttpResponseCodec.decode(W3CHttpResponseCodec.java:133)
at org.openqa.selenium.remote.codec.w3c.W3CHttpResponseCodec.decode(W3CHttpResponseCodec.java:53)
at org.openqa.selenium.remote.HttpCommandExecutor.execute(HttpCommandExecutor.java:184)
at org.openqa.selenium.remote.service.DriverCommandExecutor.invokeExecute(DriverCommandExecutor.java:167)
at org.openqa.selenium.remote.service.DriverCommandExecutor.execute(DriverCommandExecutor.java:142)
at org.openqa.selenium.remote.RemoteWebDriver.execute(RemoteWebDriver.java:543)
at org.openqa.selenium.remote.ElementLocation$ElementFinder$2.findElement(ElementLocation.java:162)
at org.openqa.selenium.remote.ElementLocation.findElement(ElementLocation.java:60)
at org.openqa.selenium.remote.RemoteWebDriver.findElement(RemoteWebDriver.java:367)
at org.openqa.selenium.remote.RemoteWebDriver.findElement(RemoteWebDriver.java:359)
at org.openqa.selenium.support.pagefactory.DefaultElementLocator.findElement(DefaultElementLocator.java:70)
at org.openqa.selenium.support.pagefactory.internal.LocatingElementHandler.invoke(LocatingElementHandler.java:39)
at jdk.proxy2/jdk.proxy2.$Proxy33.getText(Unknown Source)
at TestCases.SendQuoteTest.sendQuote(SendQuoteTest.java:31)
at TestCases.TruckTest.truckTest(TruckTest.java:99)
at TestCases.BaseTest.baseTest(BaseTest.java:75)
at java.base/java.util.ArrayList.forEach(ArrayList.java:1511)
... Removed 32 stack frames]]>
    </failure>
  </testcase> <!-- baseTest -->
  <testcase classname="TestCases.BaseTest" name="sample" time="0.002"/>
</testsuite> <!-- FirefoxTest -->
